[2015.10.25-10.30.42:643][  0]Log file open, 10/25/15 10:30:42
[2015.10.25-10.30.42:643][  0]LogInit:Display: Running engine for game: project_Arrakis
[2015.10.25-10.30.42:643][  0]LogInit:Display: RandInit(-2011626053) SRandInit(-2011626053).
[2015.10.25-10.30.42:643][  0]LogTaskGraph: Started task graph with 4 named threads and 7 total threads.
[2015.10.25-10.30.42:643][  0]LogStats: Stats thread started at 0.084870
[2015.10.25-10.30.42:643][  0]LogInit: Version: 4.9.2-2707645+++depot+UE4-Releases+4.9
[2015.10.25-10.30.42:643][  0]LogInit: API Version: 2672455
[2015.10.25-10.30.42:643][  0]LogInit: Compiled (64-bit): Sep 28 2015 10:25:44
[2015.10.25-10.30.42:643][  0]LogInit: Compiled with Visual C++: 18.00.21005.01
[2015.10.25-10.30.42:643][  0]LogInit: Build Configuration: Development
[2015.10.25-10.30.42:643][  0]LogInit: Branch Name: ++depot+UE4-Releases+4.9
[2015.10.25-10.30.42:643][  0]LogInit: Command line: 
[2015.10.25-10.30.42:643][  0]LogInit: Base directory: C:/Program Files/Epic Games/4.9/Engine/Binaries/Win64/
[2015.10.25-10.30.42:643][  0]LogInit: Rocket: 1
[2015.10.25-10.30.42:652][  0]LogInit: Using libcurl 7.41.0
[2015.10.25-10.30.42:652][  0]LogInit:  - built for x86_64-pc-win32
[2015.10.25-10.30.42:652][  0]LogInit:  - supports SSL with WinSSL
[2015.10.25-10.30.42:652][  0]LogInit:  - other features:
[2015.10.25-10.30.42:652][  0]LogInit:      CURL_VERSION_SSL
[2015.10.25-10.30.42:652][  0]LogInit:      CURL_VERSION_IPV6
[2015.10.25-10.30.42:652][  0]LogInit:      CURL_VERSION_ASYNCHDNS
[2015.10.25-10.30.42:652][  0]LogInit:      CURL_VERSION_LARGEFILE
[2015.10.25-10.30.42:652][  0]LogInit:      CURL_VERSION_IDN
[2015.10.25-10.30.42:652][  0]LogInit:  CurlRequestOptions (configurable via config and command line):
[2015.10.25-10.30.42:652][  0]LogInit:  - bVerifyPeer = true  - Libcurl will verify peer certificate
[2015.10.25-10.30.42:652][  0]LogInit:  - bUseHttpProxy = false  - Libcurl will NOT use HTTP proxy
[2015.10.25-10.30.42:652][  0]LogInit:  - bDontReuseConnections = false  - Libcurl will reuse connections
[2015.10.25-10.30.42:652][  0]LogInit:  - CertBundlePath = nullptr  - Libcurl will use whatever was configured at build time.
[2015.10.25-10.30.42:660][  0]LogInit: Presizing for 0 objects not considered by GC, pre-allocating 0 bytes.
[2015.10.25-10.30.42:669][  0]LogInit: Object subsystem initialized
[2015.10.25-10.30.42:684][  0]LogInit: Selected Device Profile: [Windows]
[2015.10.25-10.30.42:684][  0]LogInit: Applying CVar settings loaded from the selected device profile: [Windows]
[2015.10.25-10.30.42:693][  0]LogInit: Computer: DESKTOP-IA6JBD0
[2015.10.25-10.30.42:693][  0]LogInit: User: Stu
[2015.10.25-10.30.42:694][  0]LogInit: CPU Page size=4096, Cores=4
[2015.10.25-10.30.42:694][  0]LogInit: High frequency timer resolution =2.979839 MHz
[2015.10.25-10.30.42:694][  0]LogMemory: Memory total: Physical=18.0GB (18GB approx)
[2015.10.25-10.30.42:694][  0]LogMemory: Platform Memory Stats for Windows
[2015.10.25-10.30.42:694][  0]LogMemory: Process Physical Memory: 54.09 MB used, 54.09 MB peak
[2015.10.25-10.30.42:694][  0]LogMemory: Process Virtual Memory: 56.36 MB used, 56.36 MB peak
[2015.10.25-10.30.42:694][  0]LogMemory: Physical Memory: 4754.93 MB used, 18423.16 MB total
[2015.10.25-10.30.42:694][  0]LogMemory: Virtual Memory: 368.35 MB used, 134217728.00 MB total
[2015.10.25-10.30.42:725][  0]LogTextLocalizationManager: No specific translations for ('en-GB') exist, so ('en') translations will be used.
[2015.10.25-10.30.43:588][  0]LogD3D11RHI: Found D3D11 adapter 0: NVIDIA GeForce GTX 770 (Feature Level 11_0)
[2015.10.25-10.30.43:588][  0]LogD3D11RHI: Adapter has 1989MB of dedicated video memory, 0MB of dedicated system memory, and 9211MB of shared system memory, 3 output[s]
[2015.10.25-10.30.43:589][  0]LogD3D11RHI: Found D3D11 adapter 1: Microsoft Basic Render Driver (Feature Level 11_0)
[2015.10.25-10.30.43:589][  0]LogD3D11RHI: Adapter has 0MB of dedicated video memory, 0MB of dedicated system memory, and 9211MB of shared system memory, 0 output[s]
[2015.10.25-10.30.43:590][  0]LogD3D11RHI: Chosen D3D11 Adapter Id = 0
[2015.10.25-10.30.43:593][  0]LogD3D11RHI: !Direct3DDevice
[2015.10.25-10.30.43:593][  0]LogRHI: Texture pool is 1361 MB (70% of 1945 MB)
[2015.10.25-10.30.43:608][  0]LogD3D11RHI: Async texture creation enabled
[2015.10.25-10.30.44:102][  0]LogShaderCompilers: Guid format shader working directory is 15 characters bigger than the processId version (../../../../../../Users/Stu/Documents/Unreal Projects/project_Arrakis/Intermediate/Shaders/WorkingDirectory/6036/).
[2015.10.25-10.30.44:103][  0]LogShaderCompilers: Cleaned the shader compiler working directory '../../../../../../Users/Stu/Documents/Unreal Projects/project_Arrakis/Intermediate/Shaders/tmp/B08DF5B2455ACAFAA86260A7CBAE7608/'.
[2015.10.25-10.30.44:103][  0]LogShaderCompilers:Display: Using Local Shader Compiler.
[2015.10.25-10.30.45:354][  0]LogTemp:Display: Loaded TP AllDesktopTargetPlatform
[2015.10.25-10.30.45:360][  0]LogTemp:Display: Loaded TP WindowsClientTargetPlatform
[2015.10.25-10.30.45:367][  0]LogTemp:Display: Loaded TP WindowsNoEditorTargetPlatform
[2015.10.25-10.30.45:373][  0]LogTemp:Display: Loaded TP WindowsServerTargetPlatform
[2015.10.25-10.30.45:379][  0]LogTemp:Display: Loaded TP WindowsTargetPlatform
[2015.10.25-10.30.45:383][  0]LogTemp:Display: Loaded TP AndroidTargetPlatform
[2015.10.25-10.30.45:387][  0]LogTemp:Display: Loaded TP Android_ASTCTargetPlatform
[2015.10.25-10.30.45:391][  0]LogTemp:Display: Loaded TP Android_ATCTargetPlatform
[2015.10.25-10.30.45:395][  0]LogTemp:Display: Loaded TP Android_DXTTargetPlatform
[2015.10.25-10.30.45:399][  0]LogTemp:Display: Loaded TP Android_ETC1TargetPlatform
[2015.10.25-10.30.45:403][  0]LogTemp:Display: Loaded TP Android_ETC2TargetPlatform
[2015.10.25-10.30.45:407][  0]LogTemp:Display: Loaded TP Android_PVRTCTargetPlatform
[2015.10.25-10.30.45:408][  0]LogTemp:Display: Loaded TP HTML5TargetPlatform
[2015.10.25-10.30.45:426][  0]LogTemp:Display: Loaded TP IOSTargetPlatform
[2015.10.25-10.30.45:429][  0]LogTemp:Display: Loaded TP LinuxNoEditorTargetPlatform
[2015.10.25-10.30.45:433][  0]LogTemp:Display: Loaded TP LinuxServerTargetPlatform
[2015.10.25-10.30.45:437][  0]LogTemp:Display: Loaded TP LinuxTargetPlatform
[2015.10.25-10.30.45:437][  0]LogTargetPlatformManager:Display: Building Assets For Windows
[2015.10.25-10.30.45:544][  0]LogDerivedDataCache:Display: Max Cache Size: 512 MB
[2015.10.25-10.30.45:594][  0]LogDerivedDataCache: Loaded boot cache 0.05s 41MB C:/Users/Stu/AppData/Local/UnrealEngine/4.9/DerivedDataCache/Boot.ddc.
[2015.10.25-10.30.45:594][  0]LogDerivedDataCache:Display: Loaded Boot cache: C:/Users/Stu/AppData/Local/UnrealEngine/4.9/DerivedDataCache/Boot.ddc
[2015.10.25-10.30.45:594][  0]LogDerivedDataCache: FDerivedDataBackendGraph:  Pak pak cache file ../../../../../../Users/Stu/Documents/Unreal Projects/project_Arrakis/DerivedDataCache/DDC.ddp not found, will not use a pak cache.
[2015.10.25-10.30.45:594][  0]LogDerivedDataCache: Unable to find inner node Pak for hierarchical cache Hierarchy.
[2015.10.25-10.30.45:594][  0]LogDerivedDataCache: FDerivedDataBackendGraph:  CompressedPak pak cache file ../../../../../../Users/Stu/Documents/Unreal Projects/project_Arrakis/DerivedDataCache/Compressed.ddp not found, will not use a pak cache.
[2015.10.25-10.30.45:594][  0]LogDerivedDataCache: Unable to find inner node CompressedPak for hierarchical cache Hierarchy.
[2015.10.25-10.30.45:761][  0]LogDerivedDataCache:Display: Pak cache opened for reading ../../../Engine/DerivedDataCache/Compressed.ddp.
[2015.10.25-10.30.45:772][  0]LogDerivedDataCache: Using Local data cache path C:/Users/Stu/AppData/Local/UnrealEngine/Common/DerivedDataCache: Writable
[2015.10.25-10.30.45:995][  0]LogInit: Selected Device Profile: [Windows]
[2015.10.25-10.30.45:999][  0]LogContentStreaming: Texture pool size is 0.000000MB
[2015.10.25-10.30.46:144][  0]LogMeshUtilities: No automatic mesh reduction module available
[2015.10.25-10.30.46:144][  0]LogMeshUtilities: No automatic mesh merging module available
[2015.10.25-10.30.46:426][  0]LogInit: WinSock: version 1.1 (2.2), MaxSocks=32767, MaxUdp=65467
[2015.10.25-10.30.47:408][  0]UdpMessaging: Initializing bridge on interface 0.0.0.0:0 to multicast group 230.0.0.1:6666.
[2015.10.25-10.30.47:510][  0]LogAssetRegistry: FAssetRegistry took 0.0104 seconds to start up
[2015.10.25-10.30.47:694][  0]SourceControl: Info Source control is disabled
[2015.10.25-10.30.47:701][  0]SourceControl: Info Source control is disabled
[2015.10.25-10.30.47:713][  0]SourceControl: Info Source control is disabled
[2015.10.25-10.30.47:725][  0]SourceControl: Info Source control is disabled
[2015.10.25-10.30.47:896][  0]LogLinker:Warning: Asset '../../../Engine/Plugins/Runtime/LeapMotionController/Content/LM_PassthroughMaterial.uasset' has been saved with empty engine version. The asset will be loaded but may be incompatible.
[2015.10.25-10.30.47:987][  0]LogObj: 28361 objects as part of root set at end of initial load.
[2015.10.25-10.30.47:987][  0]LogUObjectAllocator: 6038872 out of 0 bytes used by permanent object pool.
[2015.10.25-10.30.48:053][  0]LogEngine: Initializing Engine...
[2015.10.25-10.30.48:056][  0]LogHMD: Can't find Oculus library dev build: is proper Runtime installed? Version: 0.7.0.0
[2015.10.25-10.30.48:056][  0]LogHMD: SteamVR failed to initialize.  Err: 110
[2015.10.25-10.30.48:209][  0]LogAIModule: Creating AISystem for world NewWorld
[2015.10.25-10.30.48:215][  0]LogInit: XAudio2 using 'Speakers (Realtek High Definition Audio)' : 4 channels at 48 kHz using 32 bits per sample (channel mask 0x33)
[2015.10.25-10.30.48:226][  0]LogInit: FAudioDevice initialized.
[2015.10.25-10.30.48:249][  0]LogDerivedDataCache: Saved boot cache 0.02s 41MB C:/Users/Stu/AppData/Local/UnrealEngine/4.9/DerivedDataCache/Boot.ddc.
[2015.10.25-10.30.48:256][  0]LogInit: Texture streaming: Enabled
[2015.10.25-10.30.48:263][  0]LogAnalytics: Creating configured Analytics provider AnalyticsET
[2015.10.25-10.30.48:263][  0]LogAnalytics: [UEEditor.Rocket.Release] APIServer = http://et2.epicgames.com/ET2/. AppVersion = 4.9.2-2707645+++depot+UE4-Releases+4.9
[2015.10.25-10.30.48:264][  0]LogAnalytics: [UEEditor.Rocket.Release] SetUserId 205ac904420d1c4363c04ba2ba7e3ed4|0d2589b5f5a14fa0b3274c17486e0c48|8e9fa404-f7d4-48ee-8198-bbaa6de5f017
[2015.10.25-10.30.48:264][  0]LogAnalytics: [UEEditor.Rocket.Release] AnalyticsET::StartSession
[2015.10.25-10.30.48:295][  0]LogInit: Transaction tracking system initialized
[2015.10.25-10.30.48:333][  0]BlueprintLog: New page: Editor Load
[2015.10.25-10.30.49:337][  0]LocalizationService: Info Localization service is disabled
[2015.10.25-10.30.49:619][  0]LogLinker:Warning: Can't find file '/Game/VehicleBP/VehicleOverview'
[2015.10.25-10.30.49:619][  0]LogLinker:Warning: Can't find file '/Game/VehicleBP/VehicleOverview'
[2015.10.25-10.30.49:619][  0]LogUObjectGlobals:Warning: Failed to find object 'Class /Game/VehicleBP/VehicleOverview.VehicleOverview_C'
[2015.10.25-10.30.49:646][  0]LogConsoleResponse:Display: 
[2015.10.25-10.30.49:798][  0]LogFileCache: Scanning file cache for directory 'C:/Users/Stu/Documents/Unreal Projects/project_Arrakis/Content/' took 0.01s
[2015.10.25-10.30.49:798][  0]LogCook:Display: Done creating registry. It took  0.00s.
[2015.10.25-10.30.49:884][  0]SourceControl: Info Source control is disabled
[2015.10.25-10.30.49:885][  0]Cmd: MAP LOAD FILE="../../../Engine/Content/Maps/Templates/Template_Default.umap" TEMPLATE=1 SHOWPROGRESS=1 FEATURELEVEL=3
[2015.10.25-10.30.49:885][  0]LightingResults: New page: Lighting Build
[2015.10.25-10.30.49:889][  0]MapCheck: New page: Map Check
[2015.10.25-10.30.49:889][  0]LightingResults: New page: Lighting Build
[2015.10.25-10.30.49:904][  0]LogParticles: Destroying 0 GPU particle simulations for FXSystem 0x000000200768DE40
[2015.10.25-10.30.50:327][  0]LogAIModule: Creating AISystem for world Untitled_1
[2015.10.25-10.30.50:334][  0]LogEditorServer: Finished looking for orphan Actors (0.000 secs)
[2015.10.25-10.30.50:338][  0]Cmd: MAP CHECKDEP NOCLEARLOG
[2015.10.25-10.30.50:400][  0]MapCheck: Info Map check complete: 0 Error(s), 0 Warning(s), took 61.862ms to complete.
[2015.10.25-10.30.50:400][  0]LogFileHelpers: Loading map 'Template_Default' took 0.516
[2015.10.25-10.30.50:551][  0]LogCollectionManager: Loaded 0 collections in 0.002582 seconds
[2015.10.25-10.30.50:595][  0]LogFileCache: Scanning file cache for directory 'C:/Users/Stu/Documents/Unreal Projects/project_Arrakis/Saved/Collections/' took 0.01s
[2015.10.25-10.30.50:595][  0]LogFileCache: Scanning file cache for directory 'C:/Users/Stu/Documents/Unreal Projects/project_Arrakis/Content/Developers/Stu/Collections/' took 0.01s
[2015.10.25-10.30.50:595][  0]LogFileCache: Scanning file cache for directory 'C:/Users/Stu/Documents/Unreal Projects/project_Arrakis/Content/Collections/' took 0.01s
[2015.10.25-10.30.50:595][  0]LogContentBrowser: Native class hierarchy populated in 0.0089 seconds. Added 1867 classes and 333 folders.
[2015.10.25-10.30.50:612][  0]LogCollectionManager: Rebuilt the GUID cache for 0 collections in 0.000003 seconds
[2015.10.25-10.30.50:621][  0]LogContentBrowser: Native class hierarchy updated for 'WidgetCarousel' in 0.0003 seconds. Added 0 classes and 0 folders.
[2015.10.25-10.30.50:675][  0]LogContentBrowser: Native class hierarchy updated for 'AddContentDialog' in 0.0004 seconds. Added 0 classes and 0 folders.
[2015.10.25-10.30.50:687][  0]LogContentBrowser: Native class hierarchy updated for 'SceneOutliner' in 0.0004 seconds. Added 1 classes and 2 folders.
[2015.10.25-10.30.50:760][  0]LogCrashTracker: Crashtracker disabled due to settings.
[2015.10.25-10.30.50:782][  0]LogUObjectGlobals:Warning: Failed to find object 'Class None.'
[2015.10.25-10.30.50:804][  0]LogLoad: Full Startup: 8.75 seconds (BP compile: 0.08 seconds)
[2015.10.25-10.30.50:865][  0]LogContentStreaming: Texture pool size now 1000 MB
[2015.10.25-10.30.51:020][  0]LogRenderer: Reallocating scene render targets to support 1208x576 (Frame:2).
[2015.10.25-10.30.51:228][  4]LogAssetRegistry: Asset discovery search completed in 3.7285 seconds
[2015.10.25-10.30.51:228][  4]LogCollectionManager: Rebuilt the object cache for 0 collections in 0.000001 seconds (found 0 objects)
[2015.10.25-10.30.51:229][  4]LogCollectionManager: Fixed up redirectors for 0 collections in 0.000051 seconds (updated 0 objects)
[2015.10.25-10.31.19:946][973]Cmd: OBJ SAVEPACKAGE PACKAGE="/Game/arrakis_Map" FILE="../../../../../../Users/Stu/Documents/Unreal Projects/project_Arrakis/Content/arrakis_Map.umap" SILENT=true AUTOSAVING=false KEEPDIRTY=false
[2015.10.25-10.31.19:996][973]LogSavePackage: Save=30.479164ms
[2015.10.25-10.31.19:996][973]LogSavePackage: Moving '../../../../../../Users/Stu/Documents/Unreal Projects/project_Arrakis/Saved/arrakis_MapC8DB709349C44CEAB530B6BDAC563F5F.tmp' to '../../../../../../Users/Stu/Documents/Unreal Projects/project_Arrakis/Content/arrakis_Map.umap'
[2015.10.25-10.31.19:997][973]LogSavePackage: Total save time: 31.949375ms
[2015.10.25-10.31.19:997][973]LogSavePackage:Warning: Finished SavePackage ../../../../../../Users/Stu/Documents/Unreal Projects/project_Arrakis/Content/arrakis_Map.umap
[2015.10.25-10.31.20:033][973]LogFileHelpers: Saving map 'arrakis_Map' took 0.355
[2015.10.25-10.31.23:447][379]LogEditorViewport: Clicking on Actor (LMB): BP_Sky_Sphere_C (Sky Sphere)
[2015.10.25-10.31.28:467][963]LogEditorViewport: Clicking on Actor (LMB): StaticMeshActor (Floor)
[2015.10.25-10.34.37:895][904]LogTexture:Display: Building textures: Texture2D_2 (G8)
[2015.10.25-10.39.24:786][556]LogTexture:Display: Building textures: Texture2D_3 (BGRA8)
[2015.10.25-10.39.24:804][556]LogTexture:Display: Building textures: Texture2D_4 (BGRA8)
[2015.10.25-10.39.24:824][556]LogTexture:Display: Building textures: Texture2D_5 (BGRA8)
[2015.10.25-10.39.24:845][556]LogTexture:Display: Building textures: Texture2D_6 (BGRA8)
[2015.10.25-10.39.24:910][557]Cmd: UpdateLandscapeEditorData
[2015.10.25-10.39.32:615][425]Cmd: TRANSACTION UNDO
[2015.10.25-10.39.32:615][425]LogEditorTransaction: Undo Landscape Editing: Sculpt
[2015.10.25-10.40.06:506][137]Cmd: TRANSACTION UNDO
[2015.10.25-10.40.06:507][137]LogEditorTransaction: Undo Landscape Editing: Sculpt
[2015.10.25-10.40.06:518][137]LogTexture:Display: Building textures: Texture2D_4 (BGRA8)
[2015.10.25-10.40.06:534][137]LogTexture:Display: Building textures: Texture2D_3 (BGRA8)
[2015.10.25-10.40.06:798][151]Cmd: TRANSACTION UNDO
[2015.10.25-10.40.06:798][151]LogEditorTransaction: Undo Landscape Editing: Sculpt
[2015.10.25-10.40.06:818][151]LogTexture:Display: Building textures: Texture2D_4 (BGRA8)
[2015.10.25-10.40.06:833][151]LogTexture:Display: Building textures: Texture2D_3 (BGRA8)
[2015.10.25-10.40.07:065][164]Cmd: TRANSACTION UNDO
[2015.10.25-10.40.07:065][164]LogEditorTransaction: Undo Landscape Editing: Sculpt
[2015.10.25-10.40.07:077][164]LogTexture:Display: Building textures: Texture2D_4 (BGRA8)
[2015.10.25-10.40.07:093][164]LogTexture:Display: Building textures: Texture2D_3 (BGRA8)
[2015.10.25-10.40.07:348][184]Cmd: TRANSACTION UNDO
[2015.10.25-10.40.07:348][184]LogEditorTransaction: Undo Landscape Editing: Sculpt
[2015.10.25-10.40.07:360][184]LogTexture:Display: Building textures: Texture2D_4 (BGRA8)
[2015.10.25-10.40.07:575][202]Cmd: TRANSACTION UNDO
[2015.10.25-10.40.07:575][202]LogEditorTransaction: Undo Landscape Editing: Sculpt
[2015.10.25-10.40.07:583][202]LogTexture:Display: Building textures: Texture2D_4 (BGRA8)
[2015.10.25-10.40.08:167][264]Cmd: TRANSACTION UNDO
[2015.10.25-10.40.08:167][264]LogEditorTransaction: Undo Landscape Editing: Sculpt
[2015.10.25-10.40.08:176][264]LogTexture:Display: Building textures: Texture2D_4 (BGRA8)
[2015.10.25-10.40.08:333][275]Cmd: TRANSACTION UNDO
[2015.10.25-10.40.08:334][275]LogEditorTransaction: Undo Landscape Editing: Sculpt
[2015.10.25-10.40.08:340][275]LogTexture:Display: Building textures: Texture2D_4 (BGRA8)
[2015.10.25-10.40.08:589][297]Cmd: TRANSACTION UNDO
[2015.10.25-10.40.08:589][297]LogEditorTransaction: Undo Landscape Editing: Sculpt
[2015.10.25-10.40.08:595][297]LogTexture:Display: Building textures: Texture2D_4 (BGRA8)
[2015.10.25-10.40.08:872][321]Cmd: TRANSACTION UNDO
[2015.10.25-10.40.08:872][321]LogEditorTransaction: Undo Landscape Editing: Sculpt
[2015.10.25-10.40.08:882][321]LogTexture:Display: Building textures: Texture2D_4 (BGRA8)
[2015.10.25-10.40.09:108][342]Cmd: TRANSACTION UNDO
[2015.10.25-10.40.09:109][342]LogEditorTransaction: Undo Landscape Editing: Sculpt
[2015.10.25-10.40.09:119][342]LogTexture:Display: Building textures: Texture2D_4 (BGRA8)
[2015.10.25-10.40.09:358][364]Cmd: TRANSACTION UNDO
[2015.10.25-10.40.09:358][364]LogEditorTransaction: Undo Landscape Editing: Sculpt
[2015.10.25-10.40.09:369][364]LogTexture:Display: Building textures: Texture2D_6 (BGRA8)
[2015.10.25-10.40.09:384][364]LogTexture:Display: Building textures: Texture2D_4 (BGRA8)
[2015.10.25-10.40.09:599][382]Cmd: TRANSACTION UNDO
[2015.10.25-10.40.09:599][382]LogEditorTransaction: Undo Landscape Editing: Sculpt
[2015.10.25-10.40.09:611][382]LogTexture:Display: Building textures: Texture2D_6 (BGRA8)
[2015.10.25-10.40.09:627][382]LogTexture:Display: Building textures: Texture2D_4 (BGRA8)
[2015.10.25-10.40.09:824][398]Cmd: TRANSACTION UNDO
[2015.10.25-10.40.09:824][398]LogEditorTransaction: Undo Landscape Editing: Sculpt
[2015.10.25-10.40.09:835][398]LogTexture:Display: Building textures: Texture2D_6 (BGRA8)
[2015.10.25-10.40.09:850][398]LogTexture:Display: Building textures: Texture2D_4 (BGRA8)
[2015.10.25-10.40.10:182][430]Cmd: TRANSACTION UNDO
[2015.10.25-10.40.10:182][430]LogEditorTransaction: Undo Landscape Editing: Sculpt
[2015.10.25-10.40.10:194][430]LogTexture:Display: Building textures: Texture2D_6 (BGRA8)
[2015.10.25-10.40.10:210][430]LogTexture:Display: Building textures: Texture2D_4 (BGRA8)
[2015.10.25-10.40.10:386][443]Cmd: TRANSACTION UNDO
[2015.10.25-10.40.10:386][443]LogEditorTransaction: Undo Landscape Editing: Sculpt
[2015.10.25-10.40.10:398][443]LogTexture:Display: Building textures: Texture2D_6 (BGRA8)
[2015.10.25-10.40.10:413][443]LogTexture:Display: Building textures: Texture2D_4 (BGRA8)
[2015.10.25-10.40.17:180][232]LogEditorViewport: Clicking on Actor (context menu): Landscape (Landscape)
[2015.10.25-10.41.20:237][808]Cmd: TRANSACTION UNDO
[2015.10.25-10.41.20:237][808]LogEditorTransaction: Undo Landscape Editing: Noise
[2015.10.25-10.41.20:255][808]LogTexture:Display: Building textures: Texture2D_6 (BGRA8)
[2015.10.25-10.41.20:271][808]LogTexture:Display: Building textures: Texture2D_5 (BGRA8)
[2015.10.25-10.41.20:287][808]LogTexture:Display: Building textures: Texture2D_4 (BGRA8)
[2015.10.25-10.41.20:307][808]LogTexture:Display: Building textures: Texture2D_3 (BGRA8)
[2015.10.25-10.41.20:959][842]Cmd: TRANSACTION UNDO
[2015.10.25-10.41.20:959][842]LogEditorTransaction: Undo Landscape Editing: Noise
[2015.10.25-10.41.20:968][842]LogTexture:Display: Building textures: Texture2D_6 (BGRA8)
[2015.10.25-10.41.22:881][ 45]Cmd: TRANSACTION UNDO
[2015.10.25-10.41.22:881][ 45]LogEditorTransaction: Undo Landscape Editing: Noise
[2015.10.25-10.41.42:447][ 36]LogEditorViewport: Clicking on Actor (context menu): Landscape (Landscape)
[2015.10.25-10.42.32:181][810]LogEditorViewport: Clicking on Actor (context menu): Landscape (Landscape)
[2015.10.25-10.42.39:590][561]LogEditorViewport: Clicking on Actor (context menu): Landscape (Landscape)
[2015.10.25-10.42.41:514][780]Cmd: SELECT NONE
[2015.10.25-10.43.48:838][668]LogTexture:Display: Building textures: Texture2D_3 (BGRA8)
[2015.10.25-10.43.48:854][668]LogTexture:Display: Building textures: Texture2D_4 (BGRA8)
[2015.10.25-10.43.48:870][668]LogTexture:Display: Building textures: Texture2D_5 (BGRA8)
[2015.10.25-10.43.48:886][668]LogTexture:Display: Building textures: Texture2D_6 (BGRA8)
[2015.10.25-10.43.49:418][668]LogSavePackage: Save=586.632385ms
[2015.10.25-10.43.49:418][668]LogSavePackage: Moving '../../../../../../Users/Stu/Documents/Unreal Projects/project_Arrakis/Saved/arrakis_Map_Auto18FAE28494E0C07615A1017A7391E98CD.tmp' to '../../../../../../Users/Stu/Documents/Unreal Projects/project_Arrakis/Saved/Autosaves/Game/arrakis_Map_Auto1.umap'
[2015.10.25-10.43.49:419][668]LogSavePackage: Total save time: 592.630338ms
[2015.10.25-10.43.49:419][668]LogSavePackage:Warning: Finished SavePackage ../../../../../../Users/Stu/Documents/Unreal Projects/project_Arrakis/Saved/Autosaves/Game/arrakis_Map_Auto1.umap
[2015.10.25-10.43.49:421][668]LogFileHelpers: Editor autosave (incl. sublevels) for '/Game/arrakis_Map' took 0.615
[2015.10.25-10.43.49:421][668]LogFileHelpers: Editor autosave (incl. sublevels) for all levels took 0.615
[2015.10.25-10.45.59:212][128]Cmd: TRANSACTION UNDO
[2015.10.25-10.45.59:212][128]LogEditorTransaction: Undo Landscape Editing: Noise
[2015.10.25-10.45.59:224][128]LogTexture:Display: Building textures: Texture2D_6 (BGRA8)
[2015.10.25-10.45.59:248][128]LogTexture:Display: Building textures: Texture2D_4 (BGRA8)
[2015.10.25-10.45.59:474][145]Cmd: TRANSACTION UNDO
[2015.10.25-10.45.59:474][145]LogEditorTransaction: Undo Landscape Editing: Noise
[2015.10.25-10.45.59:494][145]LogTexture:Display: Building textures: Texture2D_6 (BGRA8)
[2015.10.25-10.45.59:509][145]LogTexture:Display: Building textures: Texture2D_4 (BGRA8)
[2015.10.25-10.47.17:805][211]Cmd: TRANSACTION UNDO
[2015.10.25-10.47.17:805][211]LogEditorTransaction: Undo Landscape Editing: Hydraulic Erosion
[2015.10.25-10.47.27:846][256]Cmd: TRANSACTION UNDO
[2015.10.25-10.47.27:846][256]LogEditorTransaction: Undo Landscape Editing: Hydraulic Erosion
[2015.10.25-10.47.35:586][103]Cmd: TRANSACTION UNDO
[2015.10.25-10.47.35:586][103]LogEditorTransaction: Undo Landscape Editing: Hydraulic Erosion
[2015.10.25-10.47.35:593][103]LogTexture:Display: Building textures: Texture2D_6 (BGRA8)
[2015.10.25-10.47.36:009][118]Cmd: TRANSACTION UNDO
[2015.10.25-10.47.36:009][118]LogEditorTransaction: Undo Landscape Editing: Hydraulic Erosion
[2015.10.25-10.47.36:016][118]LogTexture:Display: Building textures: Texture2D_6 (BGRA8)
[2015.10.25-10.47.36:315][144]Cmd: TRANSACTION UNDO
[2015.10.25-10.47.36:315][144]LogEditorTransaction: Undo Landscape Editing: Hydraulic Erosion
[2015.10.25-10.47.36:322][144]LogTexture:Display: Building textures: Texture2D_6 (BGRA8)
[2015.10.25-10.47.36:869][205]Cmd: TRANSACTION UNDO
[2015.10.25-10.47.36:869][205]LogEditorTransaction: Undo Landscape Editing: Hydraulic Erosion
[2015.10.25-10.47.36:875][205]LogTexture:Display: Building textures: Texture2D_6 (BGRA8)
[2015.10.25-10.47.44:505][ 17]LogEditorViewport: Clicking on Actor (double click): Landscape (Landscape)
[2015.10.25-10.47.49:525][533]Cmd: TRANSACTION UNDO
[2015.10.25-10.47.49:525][533]LogEditorTransaction: Undo Landscape Editing: Hydraulic Erosion
[2015.10.25-10.47.49:531][533]LogTexture:Display: Building textures: Texture2D_5 (BGRA8)
[2015.10.25-10.48.35:047][324]LogEditorViewport: Clicking on Actor (double click): Landscape (Landscape)
[2015.10.25-10.48.46:480][584]Cmd: TRANSACTION UNDO
[2015.10.25-10.48.46:480][584]LogEditorTransaction: Undo Landscape Editing: Hydraulic Erosion
[2015.10.25-10.48.46:492][584]LogTexture:Display: Building textures: Texture2D_6 (BGRA8)
[2015.10.25-10.48.46:507][584]LogTexture:Display: Building textures: Texture2D_4 (BGRA8)
[2015.10.25-10.48.57:694][696]Cmd: TRANSACTION UNDO
[2015.10.25-10.48.57:694][696]LogEditorTransaction: Undo Landscape Editing: Erosion
[2015.10.25-10.48.57:703][696]LogTexture:Display: Building textures: Texture2D_3 (BGRA8)
[2015.10.25-10.48.57:720][696]LogTexture:Display: Building textures: Texture2D_4 (BGRA8)
[2015.10.25-10.48.57:745][696]LogTexture:Display: Building textures: Texture2D_6 (BGRA8)
[2015.10.25-10.52.21:617][797]Cmd: TRANSACTION UNDO
[2015.10.25-10.52.21:617][797]LogEditorTransaction: Undo Landscape Editing: Noise
[2015.10.25-10.52.21:628][797]LogTexture:Display: Building textures: Texture2D_6 (BGRA8)
[2015.10.25-10.52.22:017][810]Cmd: TRANSACTION UNDO
[2015.10.25-10.52.22:017][810]LogEditorTransaction: Undo Landscape Editing: Noise
[2015.10.25-10.52.22:025][810]LogTexture:Display: Building textures: Texture2D_6 (BGRA8)
[2015.10.25-10.52.22:039][810]LogTexture:Display: Building textures: Texture2D_5 (BGRA8)
[2015.10.25-10.52.42:816][225]Cmd: TRANSACTION UNDO
[2015.10.25-10.52.42:816][225]LogEditorTransaction: Undo Landscape Editing: Noise
[2015.10.25-10.52.48:328][768]Cmd: TRANSACTION UNDO
[2015.10.25-10.52.48:328][768]LogEditorTransaction: Undo Landscape Editing: Noise
[2015.10.25-10.55.15:347][387]Cmd: OBJ SAVEPACKAGE PACKAGE="/Game/arrakis_Map" FILE="../../../../../../Users/Stu/Documents/Unreal Projects/project_Arrakis/Content/arrakis_Map.umap" SILENT=true AUTOSAVING=false KEEPDIRTY=false
[2015.10.25-10.55.15:370][387]LogTexture:Display: Building textures: Texture2D_3 (BGRA8)
[2015.10.25-10.55.15:383][387]LogTexture:Display: Building textures: Texture2D_4 (BGRA8)
[2015.10.25-10.55.15:396][387]LogTexture:Display: Building textures: Texture2D_5 (BGRA8)
[2015.10.25-10.55.15:409][387]LogTexture:Display: Building textures: Texture2D_6 (BGRA8)
[2015.10.25-10.55.15:765][387]LogSavePackage: Save=399.878326ms
[2015.10.25-10.55.15:765][387]LogSavePackage: Moving '../../../../../../Users/Stu/Documents/Unreal Projects/project_Arrakis/Saved/arrakis_MapA4482BCD451605C6C7A59EA98C88318F.tmp' to '../../../../../../Users/Stu/Documents/Unreal Projects/project_Arrakis/Content/arrakis_Map.umap'
[2015.10.25-10.55.15:770][387]LogSavePackage: Total save time: 408.455290ms
[2015.10.25-10.55.15:770][387]LogSavePackage:Warning: Finished SavePackage ../../../../../../Users/Stu/Documents/Unreal Projects/project_Arrakis/Content/arrakis_Map.umap
[2015.10.25-10.55.15:801][387]LogFileHelpers: Saving map 'arrakis_Map' took 0.517
[2015.10.25-11.48.17:349][322]LogD3D11RHI: Timed out while waiting for GPU to catch up. (0.5 s)
[2015.10.25-11.48.17:852][323]LogD3D11RHI: Timed out while waiting for GPU to catch up. (0.5 s)
[2015.10.25-11.48.18:759][325]LogD3D11RHI: Timed out while waiting for GPU to catch up. (0.5 s)
[2015.10.25-11.48.19:261][326]LogD3D11RHI: Timed out while waiting for GPU to catch up. (0.5 s)
[2015.10.25-11.48.30:482][351]LogD3D11RHI: Timed o